<?xml version="1.0" encoding="UTF-8"?>
<testng-results skipped="0" failed="1" total="3" passed="2">
  <reporter-output>
  </reporter-output>
  <suite name="Default suite" duration-ms="42289" started-at="2019-11-21T19:58:21Z" finished-at="2019-11-21T19:59:04Z">
    <groups>
    </groups>
    <test name="Default test" duration-ms="42289" started-at="2019-11-21T19:58:21Z" finished-at="2019-11-21T19:59:04Z">
      <class name="extent_report_demo.NopCommerceTest">
        <test-method status="PASS" signature="setExtent()[pri:0, instance:extent_report_demo.NopCommerceTest@cb5822]" name="setExtent" is-config="true" duration-ms="378" started-at="2019-11-22T01:28:21Z" finished-at="2019-11-22T01:28:22Z">
          <reporter-output>
          </reporter-output>
        </test-method> <!-- setExtent -->
        <test-method status="PASS" signature="setup()[pri:0, instance:extent_report_demo.NopCommerceTest@cb5822]" name="setup" is-config="true" duration-ms="14252" started-at="2019-11-22T01:28:22Z" finished-at="2019-11-22T01:28:36Z">
          <reporter-output>
          </reporter-output>
        </test-method> <!-- setup -->
        <test-method status="FAIL" signature="NoComTitleTest()[pri:0, instance:extent_report_demo.NopCommerceTest@cb5822]" name="NoComTitleTest" duration-ms="30" started-at="2019-11-22T01:28:36Z" finished-at="2019-11-22T01:28:36Z">
          <exception class="java.lang.AssertionError">
            <message>
              <![CDATA[expected [nopcommerce demo store] but found [nopCommerce Store Demo - nopCommerce - ASP.NET Open-source Ecommerce Shopping Cart Solution]]]>
            </message>
            <full-stacktrace>
              <![CDATA[java.lang.AssertionError: expected [nopcommerce demo store] but found [nopCommerce Store Demo - nopCommerce - ASP.NET Open-source Ecommerce Shopping Cart Solution]
	at org.testng.Assert.fail(Assert.java:94)
	at org.testng.Assert.failNotEquals(Assert.java:513)
	at org.testng.Assert.assertEqualsImpl(Assert.java:135)
	at org.testng.Assert.assertEquals(Assert.java:116)
	at org.testng.Assert.assertEquals(Assert.java:190)
	at org.testng.Assert.assertEquals(Assert.java:200)
	at extent_report_demo.NopCommerceTest.NoComTitleTest(NopCommerceTest.java:77)
	at sun.reflect.NativeMethodAccessorImpl.invoke0(Native Method)
	at sun.reflect.NativeMethodAccessorImpl.invoke(NativeMethodAccessorImpl.java:62)
	at sun.reflect.DelegatingMethodAccessorImpl.invoke(DelegatingMethodAccessorImpl.java:43)
	at java.lang.reflect.Method.invoke(Method.java:498)
	at org.testng.internal.MethodInvocationHelper.invokeMethod(MethodInvocationHelper.java:86)
	at org.testng.internal.Invoker.invokeMethod(Invoker.java:643)
	at org.testng.internal.Invoker.invokeTestMethod(Invoker.java:820)
	at org.testng.internal.Invoker.invokeTestMethods(Invoker.java:1128)
	at org.testng.internal.TestMethodWorker.invokeTestMethods(TestMethodWorker.java:129)
	at org.testng.internal.TestMethodWorker.run(TestMethodWorker.java:112)
	at org.testng.TestRunner.privateRun(TestRunner.java:782)
	at org.testng.TestRunner.run(TestRunner.java:632)
	at org.testng.SuiteRunner.runTest(SuiteRunner.java:366)
	at org.testng.SuiteRunner.runSequentially(SuiteRunner.java:361)
	at org.testng.SuiteRunner.privateRun(SuiteRunner.java:319)
	at org.testng.SuiteRunner.run(SuiteRunner.java:268)
	at org.testng.SuiteRunnerWorker.runSuite(SuiteRunnerWorker.java:52)
	at org.testng.SuiteRunnerWorker.run(SuiteRunnerWorker.java:86)
	at org.testng.TestNG.runSuitesSequentially(TestNG.java:1244)
	at org.testng.TestNG.runSuitesLocally(TestNG.java:1169)
	at org.testng.TestNG.run(TestNG.java:1064)
	at org.testng.remote.AbstractRemoteTestNG.run(AbstractRemoteTestNG.java:115)
	at org.testng.remote.RemoteTestNG.initAndRun(RemoteTestNG.java:251)
	at org.testng.remote.RemoteTestNG.main(RemoteTestNG.java:77)
]]>
            </full-stacktrace>
          </exception> <!-- java.lang.AssertionError -->
          <reporter-output>
          </reporter-output>
        </test-method> <!-- NoComTitleTest -->
        <test-method status="PASS" signature="teardown(org.testng.ITestResult)[pri:0, instance:extent_report_demo.NopCommerceTest@cb5822]" name="teardown" is-config="true" duration-ms="545" started-at="2019-11-22T01:28:36Z" finished-at="2019-11-22T01:28:36Z">
          <params>
            <param index="0">
              <value>
                <![CDATA[[TestResult name=NoComTitleTest status=FAILURE method=NopCommerceTest.NoComTitleTest()[pri:0, instance:extent_report_demo.NopCommerceTest@cb5822] output={null}]]]>
              </value>
            </param>
          </params>
          <reporter-output>
          </reporter-output>
        </test-method> <!-- teardown -->
        <test-method status="PASS" signature="setup()[pri:0, instance:extent_report_demo.NopCommerceTest@cb5822]" name="setup" is-config="true" duration-ms="13760" started-at="2019-11-22T01:28:36Z" finished-at="2019-11-22T01:28:50Z">
          <reporter-output>
          </reporter-output>
        </test-method> <!-- setup -->
        <test-method status="PASS" signature="NopCommerceLoginTest()[pri:0, instance:extent_report_demo.NopCommerceTest@cb5822]" name="NopCommerceLoginTest" duration-ms="3" started-at="2019-11-22T01:28:50Z" finished-at="2019-11-22T01:28:50Z">
          <reporter-output>
          </reporter-output>
        </test-method> <!-- NopCommerceLoginTest -->
        <test-method status="PASS" signature="teardown(org.testng.ITestResult)[pri:0, instance:extent_report_demo.NopCommerceTest@cb5822]" name="teardown" is-config="true" duration-ms="0" started-at="2019-11-22T01:28:50Z" finished-at="2019-11-22T01:28:50Z">
          <params>
            <param index="0">
              <value>
                <![CDATA[[TestResult name=NopCommerceLoginTest status=SUCCESS method=NopCommerceTest.NopCommerceLoginTest()[pri:0, instance:extent_report_demo.NopCommerceTest@cb5822] output={null}]]]>
              </value>
            </param>
          </params>
          <reporter-output>
          </reporter-output>
        </test-method> <!-- teardown -->
        <test-method status="PASS" signature="setup()[pri:0, instance:extent_report_demo.NopCommerceTest@cb5822]" name="setup" is-config="true" duration-ms="12534" started-at="2019-11-22T01:28:50Z" finished-at="2019-11-22T01:29:03Z">
          <reporter-output>
          </reporter-output>
        </test-method> <!-- setup -->
        <test-method status="PASS" signature="NopCommerceLogoTest()[pri:0, instance:extent_report_demo.NopCommerceTest@cb5822]" name="NopCommerceLogoTest" duration-ms="96" started-at="2019-11-22T01:29:03Z" finished-at="2019-11-22T01:29:03Z">
          <reporter-output>
          </reporter-output>
        </test-method> <!-- NopCommerceLogoTest -->
        <test-method status="PASS" signature="teardown(org.testng.ITestResult)[pri:0, instance:extent_report_demo.NopCommerceTest@cb5822]" name="teardown" is-config="true" duration-ms="1" started-at="2019-11-22T01:29:03Z" finished-at="2019-11-22T01:29:03Z">
          <params>
            <param index="0">
              <value>
                <![CDATA[[TestResult name=NopCommerceLogoTest status=SUCCESS method=NopCommerceTest.NopCommerceLogoTest()[pri:0, instance:extent_report_demo.NopCommerceTest@cb5822] output={null}]]]>
              </value>
            </param>
          </params>
          <reporter-output>
          </reporter-output>
        </test-method> <!-- teardown -->
        <test-method status="PASS" signature="endReport()[pri:0, instance:extent_report_demo.NopCommerceTest@cb5822]" name="endReport" is-config="true" duration-ms="645" started-at="2019-11-22T01:29:03Z" finished-at="2019-11-22T01:29:04Z">
          <reporter-output>
          </reporter-output>
        </test-method> <!-- endReport -->
      </class> <!-- extent_report_demo.NopCommerceTest -->
    </test> <!-- Default test -->
  </suite> <!-- Default suite -->
</testng-results>
